This is pdfTeX, Version 3.14159265-2.6-1.40.15 (TeX Live 2014) (preloaded format=pdflatex 2015.1.13)  28 APR 2015 12:06
entering extended mode
 restricted \write18 enabled.
 %&-line parsing enabled.
**paper.tex
(./paper.tex
LaTeX2e <2014/05/01>
Babel <3.9l> and hyphenation patterns for 79 languages loaded.
(./llncs.cls
Document Class: llncs 2014/03/31 v2.19 
 LaTeX document class for Lecture Notes in Computer Science
(/usr/local/texlive/2014/texmf-dist/tex/latex/base/article.cls
Document Class: article 2014/09/29 v1.4h Standard LaTeX document class
(/usr/local/texlive/2014/texmf-dist/tex/latex/base/size10.clo
File: size10.clo 2014/09/29 v1.4h Standard LaTeX file (size option)
)
\c@part=\count79
\c@section=\count80
\c@subsection=\count81
\c@subsubsection=\count82
\c@paragraph=\count83
\c@subparagraph=\count84
\c@figure=\count85
\c@table=\count86
\abovecaptionskip=\skip41
\belowcaptionskip=\skip42
\bibindent=\dimen102
)
(/usr/local/texlive/2014/texmf-dist/tex/latex/tools/multicol.sty
Package: multicol 2014/10/28 v1.8i multicolumn formatting (FMi)
\c@tracingmulticols=\count87
\mult@box=\box26
\multicol@leftmargin=\dimen103
\c@unbalance=\count88
\c@collectmore=\count89
\doublecol@number=\count90
\multicoltolerance=\count91
\multicolpretolerance=\count92
\full@width=\dimen104
\page@free=\dimen105
\premulticols=\dimen106
\postmulticols=\dimen107
\multicolsep=\skip43
\multicolbaselineskip=\skip44
\partial@page=\box27
\last@line=\box28
\maxbalancingoverflow=\dimen108
\mult@rightbox=\box29
\mult@grightbox=\box30
\mult@gfirstbox=\box31
\mult@firstbox=\box32
\@tempa=\box33
\@tempa=\box34
\@tempa=\box35
\@tempa=\box36
\@tempa=\box37
\@tempa=\box38
\@tempa=\box39
\@tempa=\box40
\@tempa=\box41
\@tempa=\box42
\@tempa=\box43
\@tempa=\box44
\@tempa=\box45
\@tempa=\box46
\@tempa=\box47
\@tempa=\box48
\@tempa=\box49
\c@columnbadness=\count93
\c@finalcolumnbadness=\count94
\last@try=\dimen109
\multicolovershoot=\dimen110
\multicolundershoot=\dimen111
\mult@nat@firstbox=\box50
\colbreak@box=\box51
\mc@col@check@num=\count95
)
(./aliascnt.sty
Package: aliascnt 2009/09/08 v1.3 Alias counter (HO)
 (./remreset.sty))
\c@chapter=\count96
LaTeX Font Info:    Redeclaring math symbol \Gamma on input line 362.
LaTeX Font Info:    Redeclaring math symbol \Delta on input line 363.
LaTeX Font Info:    Redeclaring math symbol \Theta on input line 364.
LaTeX Font Info:    Redeclaring math symbol \Lambda on input line 365.
LaTeX Font Info:    Redeclaring math symbol \Xi on input line 366.
LaTeX Font Info:    Redeclaring math symbol \Pi on input line 367.
LaTeX Font Info:    Redeclaring math symbol \Sigma on input line 368.
LaTeX Font Info:    Redeclaring math symbol \Upsilon on input line 369.
LaTeX Font Info:    Redeclaring math symbol \Phi on input line 370.
LaTeX Font Info:    Redeclaring math symbol \Psi on input line 371.
LaTeX Font Info:    Redeclaring math symbol \Omega on input line 372.
\tocchpnum=\dimen112
\tocsecnum=\dimen113
\tocsectotal=\dimen114
\tocsubsecnum=\dimen115
\tocsubsectotal=\dimen116
\tocsubsubsecnum=\dimen117
\tocsubsubsectotal=\dimen118
\tocparanum=\dimen119
\tocparatotal=\dimen120
\tocsubparanum=\dimen121
\@tempcntc=\count97
\fnindent=\dimen122
\c@@inst=\count98
\c@@auth=\count99
\c@auco=\count100
\instindent=\dimen123
\authrun=\box52
\authorrunning=\toks14
\tocauthor=\toks15
\titrun=\box53
\titlerunning=\toks16
\toctitle=\toks17
\c@theorem=\count101
\c@case=\count102
\c@conjecture=\count103
\c@corollary=\count104
\c@definition=\count105
\c@example=\count106
\c@exercise=\count107
\c@lemma=\count108
\c@note=\count109
\c@problem=\count110
\c@property=\count111
\c@proposition=\count112
\c@question=\count113
\c@solution=\count114
\c@remark=\count115
\headlineindent=\dimen124
)
(/usr/local/texlive/2014/texmf-dist/tex/latex/amsfonts/amssymb.sty
Package: amssymb 2013/01/14 v3.01 AMS font symbols

(/usr/local/texlive/2014/texmf-dist/tex/latex/amsfonts/amsfonts.sty
Package: amsfonts 2013/01/14 v3.01 Basic AMSFonts support
\@emptytoks=\toks18
\symAMSa=\mathgroup4
\symAMSb=\mathgroup5
LaTeX Font Info:    Overwriting math alphabet `\mathfrak' in version `bold'
(Font)                  U/euf/m/n --> U/euf/b/n on input line 106.
))
(/usr/local/texlive/2014/texmf-dist/tex/latex/graphics/graphicx.sty
Package: graphicx 2014/10/28 v1.0g Enhanced LaTeX Graphics (DPC,SPQR)

(/usr/local/texlive/2014/texmf-dist/tex/latex/graphics/keyval.sty
Package: keyval 2014/10/28 v1.15 key=value parser (DPC)
\KV@toks@=\toks19
)
(/usr/local/texlive/2014/texmf-dist/tex/latex/graphics/graphics.sty
Package: graphics 2014/10/28 v1.0p Standard LaTeX Graphics (DPC,SPQR)

(/usr/local/texlive/2014/texmf-dist/tex/latex/graphics/trig.sty
Package: trig 1999/03/16 v1.09 sin cos tan (DPC)
)
(/usr/local/texlive/2014/texmf-dist/tex/latex/latexconfig/graphics.cfg
File: graphics.cfg 2010/04/23 v1.9 graphics configuration of TeX Live
)
Package graphics Info: Driver file: pdftex.def on input line 91.

(/usr/local/texlive/2014/texmf-dist/tex/latex/pdftex-def/pdftex.def
File: pdftex.def 2011/05/27 v0.06d Graphics/color for pdfTeX

(/usr/local/texlive/2014/texmf-dist/tex/generic/oberdiek/infwarerr.sty
Package: infwarerr 2010/04/08 v1.3 Providing info/warning/error messages (HO)
)
(/usr/local/texlive/2014/texmf-dist/tex/generic/oberdiek/ltxcmds.sty
Package: ltxcmds 2011/11/09 v1.22 LaTeX kernel commands for general use (HO)
)
\Gread@gobject=\count116
))
\Gin@req@height=\dimen125
\Gin@req@width=\dimen126
)
(/usr/local/texlive/2014/texmf-dist/tex/latex/amsmath/amsmath.sty
Package: amsmath 2013/01/14 v2.14 AMS math features
\@mathmargin=\skip45

For additional information on amsmath, use the `?' option.
(/usr/local/texlive/2014/texmf-dist/tex/latex/amsmath/amstext.sty
Package: amstext 2000/06/29 v2.01

(/usr/local/texlive/2014/texmf-dist/tex/latex/amsmath/amsgen.sty
File: amsgen.sty 1999/11/30 v2.0
\@emptytoks=\toks20
\ex@=\dimen127
))
(/usr/local/texlive/2014/texmf-dist/tex/latex/amsmath/amsbsy.sty
Package: amsbsy 1999/11/29 v1.2d
\pmbraise@=\dimen128
)
(/usr/local/texlive/2014/texmf-dist/tex/latex/amsmath/amsopn.sty
Package: amsopn 1999/12/14 v2.01 operator names
)
\inf@bad=\count117
LaTeX Info: Redefining \frac on input line 210.
\uproot@=\count118
\leftroot@=\count119
LaTeX Info: Redefining \overline on input line 306.
\classnum@=\count120
\DOTSCASE@=\count121
LaTeX Info: Redefining \ldots on input line 378.
LaTeX Info: Redefining \dots on input line 381.
LaTeX Info: Redefining \cdots on input line 466.
\Mathstrutbox@=\box54
\strutbox@=\box55
\big@size=\dimen129
LaTeX Font Info:    Redeclaring font encoding OML on input line 566.
LaTeX Font Info:    Redeclaring font encoding OMS on input line 567.


Package amsmath Warning: Unable to redefine math accent \vec.

\macc@depth=\count122
\c@MaxMatrixCols=\count123
\dotsspace@=\muskip10
\c@parentequation=\count124
\dspbrk@lvl=\count125
\tag@help=\toks21
\row@=\count126
\column@=\count127
\maxfields@=\count128
\andhelp@=\toks22
\eqnshift@=\dimen130
\alignsep@=\dimen131
\tagshift@=\dimen132
\tagwidth@=\dimen133
\totwidth@=\dimen134
\lineht@=\dimen135
\@envbody=\toks23
\multlinegap=\skip46
\multlinetaggap=\skip47
\mathdisplay@stack=\toks24
LaTeX Info: Redefining \[ on input line 2665.
LaTeX Info: Redefining \] on input line 2666.
) (/usr/local/texlive/2014/texmf-dist/tex/latex/mathtools/mathtools.sty
Package: mathtools 2014/07/16 v1.15 mathematical typesetting tools

(/usr/local/texlive/2014/texmf-dist/tex/latex/tools/calc.sty
Package: calc 2014/10/28 v4.3 Infix arithmetic (KKT,FJ)
\calc@Acount=\count129
\calc@Bcount=\count130
\calc@Adimen=\dimen136
\calc@Bdimen=\dimen137
\calc@Askip=\skip48
\calc@Bskip=\skip49
LaTeX Info: Redefining \setlength on input line 75.
LaTeX Info: Redefining \addtolength on input line 76.
\calc@Ccount=\count131
\calc@Cskip=\skip50
)
(/usr/local/texlive/2014/texmf-dist/tex/latex/mathtools/mhsetup.sty
Package: mhsetup 2010/01/21 v1.2a programming setup (MH)
)
LaTeX Info: Thecontrolsequence`\['isalreadyrobust on input line 129.
LaTeX Info: Thecontrolsequence`\]'isalreadyrobust on input line 129.
\g_MT_multlinerow_int=\count132
\l_MT_multwidth_dim=\dimen138
\origjot=\skip51
\l_MT_shortvdotswithinadjustabove_dim=\dimen139
\l_MT_shortvdotswithinadjustbelow_dim=\dimen140
\l_MT_above_intertext_sep=\dimen141
\l_MT_below_intertext_sep=\dimen142
\l_MT_above_shortintertext_sep=\dimen143
\l_MT_below_shortintertext_sep=\dimen144
)
(./paper.aux)
\openout1 = `paper.aux'.

LaTeX Font Info:    Checking defaults for OML/cmm/m/it on input line 25.
LaTeX Font Info:    ... okay on input line 25.
LaTeX Font Info:    Checking defaults for T1/cmr/m/n on input line 25.
LaTeX Font Info:    ... okay on input line 25.
LaTeX Font Info:    Checking defaults for OT1/cmr/m/n on input line 25.
LaTeX Font Info:    ... okay on input line 25.
LaTeX Font Info:    Checking defaults for OMS/cmsy/m/n on input line 25.
LaTeX Font Info:    ... okay on input line 25.
LaTeX Font Info:    Checking defaults for OMX/cmex/m/n on input line 25.
LaTeX Font Info:    ... okay on input line 25.
LaTeX Font Info:    Checking defaults for U/cmr/m/n on input line 25.
LaTeX Font Info:    ... okay on input line 25.

(/usr/local/texlive/2014/texmf-dist/tex/context/base/supp-pdf.mkii
[Loading MPS to PDF converter (version 2006.09.02).]
\scratchcounter=\count133
\scratchdimen=\dimen145
\scratchbox=\box56
\nofMPsegments=\count134
\nofMParguments=\count135
\everyMPshowfont=\toks25
\MPscratchCnt=\count136
\MPscratchDim=\dimen146
\MPnumerator=\count137
\makeMPintoPDFobject=\count138
\everyMPtoPDFconversion=\toks26
) (/usr/local/texlive/2014/texmf-dist/tex/generic/oberdiek/pdftexcmds.sty
Package: pdftexcmds 2011/11/29 v0.20 Utility functions of pdfTeX for LuaTeX (HO
)

(/usr/local/texlive/2014/texmf-dist/tex/generic/oberdiek/ifluatex.sty
Package: ifluatex 2010/03/01 v1.3 Provides the ifluatex switch (HO)
Package ifluatex Info: LuaTeX not detected.
)
(/usr/local/texlive/2014/texmf-dist/tex/generic/oberdiek/ifpdf.sty
Package: ifpdf 2011/01/30 v2.3 Provides the ifpdf switch (HO)
Package ifpdf Info: pdfTeX in PDF mode is detected.
)
Package pdftexcmds Info: LuaTeX not detected.
Package pdftexcmds Info: \pdf@primitive is available.
Package pdftexcmds Info: \pdf@ifprimitive is available.
Package pdftexcmds Info: \pdfdraftmode found.
)
(/usr/local/texlive/2014/texmf-dist/tex/latex/oberdiek/epstopdf-base.sty
Package: epstopdf-base 2010/02/09 v2.5 Base part for package epstopdf

(/usr/local/texlive/2014/texmf-dist/tex/latex/oberdiek/grfext.sty
Package: grfext 2010/08/19 v1.1 Manage graphics extensions (HO)

(/usr/local/texlive/2014/texmf-dist/tex/generic/oberdiek/kvdefinekeys.sty
Package: kvdefinekeys 2011/04/07 v1.3 Define keys (HO)
))
(/usr/local/texlive/2014/texmf-dist/tex/latex/oberdiek/kvoptions.sty
Package: kvoptions 2011/06/30 v3.11 Key value format for package options (HO)

(/usr/local/texlive/2014/texmf-dist/tex/generic/oberdiek/kvsetkeys.sty
Package: kvsetkeys 2012/04/25 v1.16 Key value parser (HO)

(/usr/local/texlive/2014/texmf-dist/tex/generic/oberdiek/etexcmds.sty
Package: etexcmds 2011/02/16 v1.5 Avoid name clashes with e-TeX commands (HO)
Package etexcmds Info: Could not find \expanded.
(etexcmds)             That can mean that you are not using pdfTeX 1.50 or
(etexcmds)             that some package has redefined \expanded.
(etexcmds)             In the latter case, load this package earlier.
)))
Package grfext Info: Graphics extension search list:
(grfext)             [.png,.pdf,.jpg,.mps,.jpeg,.jbig2,.jb2,.PNG,.PDF,.JPG,.JPE
G,.JBIG2,.JB2,.eps]
(grfext)             \AppendGraphicsExtensions on input line 452.

(/usr/local/texlive/2014/texmf-dist/tex/latex/latexconfig/epstopdf-sys.cfg
File: epstopdf-sys.cfg 2010/07/13 v1.3 Configuration of (r)epstopdf for TeX Liv
e
))
LaTeX Font Info:    Try loading font information for U+msa on input line 38.

(/usr/local/texlive/2014/texmf-dist/tex/latex/amsfonts/umsa.fd
File: umsa.fd 2013/01/14 v3.01 AMS symbols A
)
LaTeX Font Info:    Try loading font information for U+msb on input line 38.

(/usr/local/texlive/2014/texmf-dist/tex/latex/amsfonts/umsb.fd
File: umsb.fd 2013/01/14 v3.01 AMS symbols B
)
Overfull \hbox (2.14095pt too wide) in paragraph at lines 44--45
\OT1/cmr/bx/n/9 Keywords:\OT1/cmr/m/n/9 Semi-supervised learn-ing, Least Square
s Clas-si-fi-ca-tion, Con-
 []


LaTeX Warning: Citation `Cozman2006' on page 1 undefined on input line 50.

[1

{/usr/local/texlive/2014/texmf-var/fonts/map/pdftex/updmap/pdftex.map}]

LaTeX Warning: Citation `Widrow1960' on page 2 undefined on input line 54.


LaTeX Warning: Citation `Seeger2001' on page 2 undefined on input line 54.


LaTeX Warning: Citation `Singh2008' on page 2 undefined on input line 54.


LaTeX Warning: Citation `Sokolovska2008' on page 2 undefined on input line 54.


LaTeX Warning: Citation `Hastie2001' on page 2 undefined on input line 54.


LaTeX Warning: Citation `Rifkin2003' on page 2 undefined on input line 54.


LaTeX Warning: Citation `Tibshirani1996' on page 2 undefined on input line 54.


LaTeX Warning: Citation `Poggio2003' on page 2 undefined on input line 54.


LaTeX Warning: Citation `Rifkin2003' on page 2 undefined on input line 54.


LaTeX Warning: Citation `Bottou2010' on page 2 undefined on input line 54.


Underfull \vbox (badness 10000) has occurred while \output is active []

 [2]
Overfull \hbox (2.01486pt too wide) in paragraph at lines 61--62
[]\OT1/cmr/m/n/10 A novel con-vex for-mu-la-tion for ro-bust semi-supervised le
arn-ing un-der squared
 []


LaTeX Warning: Citation `Chapelle2006' on page 3 undefined on input line 70.


LaTeX Warning: Citation `Zhu2009' on page 3 undefined on input line 70.


LaTeX Warning: Citation `Nigam2000' on page 3 undefined on input line 70.


LaTeX Warning: Citation `Cozman2003' on page 3 undefined on input line 70.


LaTeX Warning: Citation `Cozman2006' on page 3 undefined on input line 70.


LaTeX Warning: Citation `Goldberg2009' on page 3 undefined on input line 70.


LaTeX Warning: Citation `Wang2007a' on page 3 undefined on input line 70.


LaTeX Warning: Citation `Goldberg2009' on page 3 undefined on input line 70.


LaTeX Warning: Citation `Goldberg2009' on page 3 undefined on input line 70.


LaTeX Warning: Citation `McLachlan1975' on page 3 undefined on input line 73.


LaTeX Warning: Citation `Yarowsky1995' on page 3 undefined on input line 73.


LaTeX Warning: Citation `Abney2004' on page 3 undefined on input line 73.


LaTeX Warning: Citation `Nigam2000' on page 3 undefined on input line 75.


LaTeX Warning: Citation `Yarowsky1995' on page 3 undefined on input line 75.


LaTeX Warning: Citation `Cozman2003' on page 3 undefined on input line 75.


LaTeX Warning: Citation `Cozman2006' on page 3 undefined on input line 75.


LaTeX Warning: Citation `Abney2004' on page 3 undefined on input line 75.


LaTeX Warning: Citation `Zhu2009' on page 3 undefined on input line 75.

[3]

LaTeX Warning: Citation `Grandvalet2005' on page 4 undefined on input line 81.


LaTeX Warning: Citation `Joachims1999' on page 4 undefined on input line 81.


LaTeX Warning: Citation `Bennett1998' on page 4 undefined on input line 81.


LaTeX Warning: Citation `Sindhwani2006' on page 4 undefined on input line 81.


LaTeX Warning: Citation `Collobert2006' on page 4 undefined on input line 81.


LaTeX Warning: Citation `Sindhwani2006' on page 4 undefined on input line 81.


LaTeX Warning: Citation `Wang2007' on page 4 undefined on input line 81.


LaTeX Warning: Citation `Singh2008' on page 4 undefined on input line 83.


LaTeX Warning: Citation `Singh2008' on page 4 undefined on input line 83.


LaTeX Warning: Citation `Wang2007a' on page 4 undefined on input line 85.


LaTeX Warning: Citation `Li2011' on page 4 undefined on input line 85.


LaTeX Warning: Citation `Loog2014b' on page 4 undefined on input line 87.


LaTeX Warning: Citation `Loog2014a' on page 4 undefined on input line 87.


LaTeX Warning: Citation `Loog2014b' on page 4 undefined on input line 87.


LaTeX Warning: Citation `Loog2014a' on page 4 undefined on input line 87.


Underfull \vbox (badness 2158) has occurred while \output is active []

 [4]

LaTeX Warning: Citation `Poggio' on page 5 undefined on input line 89.


LaTeX Warning: Citation ` Hastie' on page 5 undefined on input line 89.


LaTeX Warning: Citation ` Suykens' on page 5 undefined on input line 89.


LaTeX Warning: Citation `Shaffer1991' on page 5 undefined on input line 89.


LaTeX Warning: Citation `Fan2008' on page 5 undefined on input line 90.

<constrainedspace.pdf, id=25, 398.21071pt x 279.84853pt>
File: constrainedspace.pdf Graphic file (type pdf)

<use constrainedspace.pdf>
Package pdftex.def Info: constrainedspace.pdf used on input line 98.
(pdftex.def)             Requested size: 173.56177pt x 121.97224pt.


LaTeX Warning: `h' float specifier changed to `ht'.

[5]

LaTeX Warning: Citation `Hastie2001' on page 6 undefined on input line 113.


LaTeX Warning: Citation `Rifkin2003' on page 6 undefined on input line 113.

[6 <./constrainedspace.pdf>] [7]

LaTeX Warning: Citation `Byrd1995' on page 8 undefined on input line 186.

[8]

LaTeX Warning: Citation `Sokolovska2008' on page 9 undefined on input line 193.


<ConstrainedProblem-1D.pdf, id=67, 505.89pt x 289.08pt>
File: ConstrainedProblem-1D.pdf Graphic file (type pdf)

<use ConstrainedProblem-1D.pdf>
Package pdftex.def Info: ConstrainedProblem-1D.pdf used on input line 217.
(pdftex.def)             Requested size: 277.69987pt x 158.68571pt.
 [9] [10 <./ConstrainedProblem-1D.pdf>] [11]

LaTeX Warning: Citation `Berger1985' on page 12 undefined on input line 267.

[12]

LaTeX Warning: Citation `Aubin2000' on page 13 undefined on input line 295.

[13]

LaTeX Warning: Citation `Shaffer1991' on page 14 undefined on input line 341.


LaTeX Warning: Citation `Bache2013' on page 14 undefined on input line 343.


LaTeX Warning: Citation `Chapelle2006' on page 14 undefined on input line 343.


LaTeX Warning: Citation `Chapelle2006' on page 14 undefined on input line 343.

[14]

LaTeX Warning: Citation `Bache2013' on page 15 undefined on input line 354.


LaTeX Warning: Citation `Bache2013' on page 15 undefined on input line 355.


LaTeX Warning: Citation `Bache2013' on page 15 undefined on input line 356.


LaTeX Warning: Citation `Bache2013' on page 15 undefined on input line 357.


LaTeX Warning: Citation `Bache2013' on page 15 undefined on input line 358.


LaTeX Warning: Citation `Bache2013' on page 15 undefined on input line 359.


LaTeX Warning: Citation `Bache2013' on page 15 undefined on input line 360.


LaTeX Warning: Citation `Bache2013' on page 15 undefined on input line 361.


LaTeX Warning: Citation `Bache2013' on page 15 undefined on input line 362.


LaTeX Warning: Citation `Bache2013' on page 15 undefined on input line 363.


LaTeX Warning: Citation `Bache2013' on page 15 undefined on input line 364.


LaTeX Warning: Citation `Bache2013' on page 15 undefined on input line 365.


LaTeX Warning: Citation `Chapelle2006' on page 15 undefined on input line 366.


LaTeX Warning: Citation `Chapelle2006' on page 15 undefined on input line 367.


LaTeX Warning: Citation `Chapelle2006' on page 15 undefined on input line 368.


LaTeX Warning: Citation `Chapelle2006' on page 15 undefined on input line 369.


LaTeX Warning: Citation `Chapelle2006' on page 15 undefined on input line 370.


LaTeX Warning: Citation `Chapelle2006' on page 15 undefined on input line 371.


LaTeX Warning: Citation `Raudys1998' on page 15 undefined on input line 382.


LaTeX Warning: Citation `Opper1996' on page 15 undefined on input line 382.

[15] <LearningCurves-1.pdf, id=99, 481.8pt x 480.79625pt>
File: LearningCurves-1.pdf Graphic file (type pdf)

<use LearningCurves-1.pdf>
Package pdftex.def Info: LearningCurves-1.pdf used on input line 392.
(pdftex.def)             Requested size: 347.12354pt x 346.40779pt.

<LearningCurves-2.pdf, id=100, 481.8pt x 480.79625pt>
File: LearningCurves-2.pdf Graphic file (type pdf)

<use LearningCurves-2.pdf>
Package pdftex.def Info: LearningCurves-2.pdf used on input line 398.
(pdftex.def)             Requested size: 347.12354pt x 346.40779pt.
 [16 <./LearningCurves-1.pdf>]
Underfull \vbox (badness 10000) has occurred while \output is active []

 [17 <./LearningCurves-2.pdf>]

LaTeX Warning: Citation `Chapelle2006' on page 18 undefined on input line 411.


LaTeX Warning: Citation `Chapelle2006' on page 18 undefined on input line 411.


LaTeX Warning: Citation `Chapelle2006' on page 18 undefined on input line 411.

[18] [19]

LaTeX Warning: Citation `Cozman2006' on page 20 undefined on input line 490.


LaTeX Warning: Citation `Seeger2001' on page 20 undefined on input line 492.


LaTeX Warning: Citation `Singh2008' on page 20 undefined on input line 492.

[20]

LaTeX Warning: Citation `Shaffer1991' on page 21 undefined on input line 498.


LaTeX Warning: Citation `Shaffer1991' on page 21 undefined on input line 498.

[21]

LaTeX Warning: Citation `Krijthe2014' on page 22 undefined on input line 506.


LaTeX Warning: Citation `Joachims1999' on page 22 undefined on input line 506.


LaTeX Warning: Citation `Collobert2006' on page 22 undefined on input line 506.



LaTeX Warning: Citation `Mann2010' on page 22 undefined on input line 506.


LaTeX Warning: Citation `Culp2008' on page 22 undefined on input line 508.

[22] (./paper.bbl) [23] (./paper.aux) ) 
Here is how much of TeX's memory you used:
 3451 strings out of 493109
 47259 string characters out of 6135004
 127557 words of memory out of 5000000
 6851 multiletter control sequences out of 15000+600000
 13374 words of font info for 50 fonts, out of 8000000 for 9000
 1141 hyphenation exceptions out of 8191
 38i,15n,26p,1596b,273s stack positions out of 5000i,500n,10000p,200000b,80000s
</usr/local/texlive/2014/texmf-dist/font
s/type1/public/amsfonts/cm/cmbx10.pfb></usr/local/texlive/2014/texmf-dist/fonts
/type1/public/amsfonts/cm/cmbx12.pfb></usr/local/texlive/2014/texmf-dist/fonts/
type1/public/amsfonts/cm/cmbx7.pfb></usr/local/texlive/2014/texmf-dist/fonts/ty
pe1/public/amsfonts/cm/cmbx9.pfb></usr/local/texlive/2014/texmf-dist/fonts/type
1/public/amsfonts/cm/cmex10.pfb></usr/local/texlive/2014/texmf-dist/fonts/type1
/public/amsfonts/cm/cmmi10.pfb></usr/local/texlive/2014/texmf-dist/fonts/type1/
public/amsfonts/cm/cmmi12.pfb></usr/local/texlive/2014/texmf-dist/fonts/type1/p
ublic/amsfonts/cm/cmmi5.pfb></usr/local/texlive/2014/texmf-dist/fonts/type1/pub
lic/amsfonts/cm/cmmi6.pfb></usr/local/texlive/2014/texmf-dist/fonts/type1/publi
c/amsfonts/cm/cmmi7.pfb></usr/local/texlive/2014/texmf-dist/fonts/type1/public/
amsfonts/cm/cmmi9.pfb></usr/local/texlive/2014/texmf-dist/fonts/type1/public/am
sfonts/cm/cmmib10.pfb></usr/local/texlive/2014/texmf-dist/fonts/type1/public/am
sfonts/cmextra/cmmib5.pfb></usr/local/texlive/2014/texmf-dist/fonts/type1/publi
c/amsfonts/cmextra/cmmib7.pfb></usr/local/texlive/2014/texmf-dist/fonts/type1/p
ublic/amsfonts/cm/cmr10.pfb></usr/local/texlive/2014/texmf-dist/fonts/type1/pub
lic/amsfonts/cm/cmr17.pfb></usr/local/texlive/2014/texmf-dist/fonts/type1/publi
c/amsfonts/cm/cmr5.pfb></usr/local/texlive/2014/texmf-dist/fonts/type1/public/a
msfonts/cm/cmr6.pfb></usr/local/texlive/2014/texmf-dist/fonts/type1/public/amsf
onts/cm/cmr7.pfb></usr/local/texlive/2014/texmf-dist/fonts/type1/public/amsfont
s/cm/cmr9.pfb></usr/local/texlive/2014/texmf-dist/fonts/type1/public/amsfonts/c
m/cmsy10.pfb></usr/local/texlive/2014/texmf-dist/fonts/type1/public/amsfonts/cm
/cmsy6.pfb></usr/local/texlive/2014/texmf-dist/fonts/type1/public/amsfonts/cm/c
msy7.pfb></usr/local/texlive/2014/texmf-dist/fonts/type1/public/amsfonts/cm/cms
y9.pfb></usr/local/texlive/2014/texmf-dist/fonts/type1/public/amsfonts/cm/cmti1
0.pfb></usr/local/texlive/2014/texmf-dist/fonts/type1/public/amsfonts/symbols/m
sbm10.pfb></usr/local/texlive/2014/texmf-dist/fonts/type1/public/amsfonts/symbo
ls/msbm7.pfb>
Output written on paper.pdf (23 pages, 368686 bytes).
PDF statistics:
 230 PDF objects out of 1000 (max. 8388607)
 165 compressed objects within 2 object streams
 0 named destinations out of 1000 (max. 500000)
 21 words of extra memory for PDF output out of 10000 (max. 10000000)

